c:\users\120493240\desktop\arcadeshooter\katanaengine\x64\debug\katanaengine.pch
c:\users\120493240\desktop\arcadeshooter\x64\debug\katanaengine.pdb
c:\users\120493240\desktop\arcadeshooter\x64\debug\katanaengine.idb
c:\users\120493240\desktop\arcadeshooter\katanaengine\x64\debug\katanaengine.obj
c:\users\120493240\desktop\arcadeshooter\katanaengine\x64\debug\texture.obj
c:\users\120493240\desktop\arcadeshooter\katanaengine\x64\debug\spritebatch.obj
c:\users\120493240\desktop\arcadeshooter\katanaengine\x64\debug\screenmanager.obj
c:\users\120493240\desktop\arcadeshooter\katanaengine\x64\debug\screen.obj
c:\users\120493240\desktop\arcadeshooter\katanaengine\x64\debug\resource.obj
c:\users\120493240\desktop\arcadeshooter\katanaengine\x64\debug\rendertarget.obj
c:\users\120493240\desktop\arcadeshooter\katanaengine\x64\debug\point.obj
c:\users\120493240\desktop\arcadeshooter\katanaengine\x64\debug\particletemplate.obj
c:\users\120493240\desktop\arcadeshooter\katanaengine\x64\debug\particlemanager.obj
c:\users\120493240\desktop\arcadeshooter\katanaengine\x64\debug\particle.obj
c:\users\120493240\desktop\arcadeshooter\katanaengine\x64\debug\menuscreen.obj
c:\users\120493240\desktop\arcadeshooter\katanaengine\x64\debug\menuitem.obj
c:\users\120493240\desktop\arcadeshooter\katanaengine\x64\debug\mathutil.obj
c:\users\120493240\desktop\arcadeshooter\katanaengine\x64\debug\inputstate.obj
c:\users\120493240\desktop\arcadeshooter\katanaengine\x64\debug\gametime.obj
c:\users\120493240\desktop\arcadeshooter\katanaengine\x64\debug\game.obj
c:\users\120493240\desktop\arcadeshooter\katanaengine\x64\debug\font.obj
c:\users\120493240\desktop\arcadeshooter\katanaengine\x64\debug\emitter.obj
c:\users\120493240\desktop\arcadeshooter\katanaengine\x64\debug\color.obj
c:\users\120493240\desktop\arcadeshooter\katanaengine\x64\debug\animation.obj
c:\users\120493240\desktop\arcadeshooter\katanaengine\x64\debug\vector2.obj
c:\users\120493240\desktop\arcadeshooter\x64\debug\katanaengine.lib
c:\users\120493240\desktop\arcadeshooter\katanaengine\x64\debug\katanaengine.tlog\cl.command.1.tlog
c:\users\120493240\desktop\arcadeshooter\katanaengine\x64\debug\katanaengine.tlog\cl.read.1.tlog
c:\users\120493240\desktop\arcadeshooter\katanaengine\x64\debug\katanaengine.tlog\cl.write.1.tlog
c:\users\120493240\desktop\arcadeshooter\katanaengine\x64\debug\katanaengine.tlog\lib-link.write.1.tlog
c:\users\120493240\desktop\arcadeshooter\katanaengine\x64\debug\katanaengine.tlog\lib.command.1.tlog
c:\users\120493240\desktop\arcadeshooter\katanaengine\x64\debug\katanaengine.tlog\lib.read.1.tlog
