  KatanaEngine.cpp
  Started precompiling header files for Katana Engine.
  Standard Headers...
                  ... Finished.
  Allegro Specific Headers...
                  ... Finished.
  Math Specific Headers...
                  ... Finished.
  Input Specific Headers...
                  ... Finished.
  Resource Management Headers...
                  ... Finished.
  Graphics Management Headers...
                  ... Finished.
  Particle Management Headers...
                  ... Finished.
  Screen Management Headers...
                  ... Finished.
  Game Engine Headers...
c:\users\ryan appel\desktop\arcadeshooter\katanaengine\game.h(47): error C2143: syntax error: missing ';' before '*'
c:\users\ryan appel\desktop\arcadeshooter\katanaengine\game.h(47): error C4430: missing type specifier - int assumed. Note: C++ does not support default-int
c:\users\ryan appel\desktop\arcadeshooter\katanaengine\game.h(47): error C2334: unexpected token(s) preceding '{'; skipping apparent function body
c:\users\ryan appel\desktop\arcadeshooter\katanaengine\game.h(115): error C2143: syntax error: missing ';' before '*'
c:\users\ryan appel\desktop\arcadeshooter\katanaengine\game.h(115): error C4430: missing type specifier - int assumed. Note: C++ does not support default-int
c:\users\ryan appel\desktop\arcadeshooter\katanaengine\game.h(115): error C2238: unexpected token(s) preceding ';'
c:\users\ryan appel\desktop\arcadeshooter\katanaengine\game.h(79): error C2065: 'm_pScreenManager': undeclared identifier
c:\users\ryan appel\desktop\arcadeshooter\katanaengine\game.h(79): error C2061: syntax error: identifier 'ScreenManager'
                  ... Finished.
  Finished precompiling header files for Katana Engine.
