  GuardianFinalZero.cpp
  Started precompiling header files for Guardian Final Zero.
  
  
  
           ██╗  ██╗  █████╗  ████████╗  █████╗  ███╗   ██╗  █████╗ 
           ██║ ██╔╝ ██╔══██╗ ╚══██╔══╝ ██╔══██╗ ████╗  ██║ ██╔══██╗
           █████╔╝  ███████║    ██║    ███████║ ██╔██╗ ██║ ███████║
           ██╔═██╗  ██╔══██║    ██║    ██╔══██║ ██║╚██╗██║ ██╔══██║
           ██║  ██╗ ██║  ██║    ██║    ██║  ██║ ██║ ╚████║ ██║  ██║
           ╚═╝  ╚═╝ ╚═╝  ╚═╝/\  ╚═╝    ╚═╝  ╚═╝ ╚═╝  ╚═══╝ ╚═╝  ╚═╝
         /vvvvvvvvvvvvvvvvvvv \=======================================,
         `^^^^^^^^^^^^^^^^^^^ /-------------------------------------"
              Katana Engine \/ © 2012 - Shuriken Studios LLC
  
  
  
  
  
           .                         ,'`.       .                         
      .                  .."    _.-;' ⁄‚ `.              .			`   
                 _.-"`.##%"_.--" ,' ⁄`     `.           "#"     ___,,od000
              ,'"-_ _.-.--"\   ,'            `-_       '%#%',,/00000000000
            ,'     |_.'     )`/-     __..--""`-_`-._    J L/00000000000000
    . +   ,'   _.-"        / /   _-""           `-._`-_/___\///0000   000M
        .'_.-""      '    :_/_.-'                 _,`-/__V__\0000    00MMM
    . _-""                         .        '   _,/000\  |  /000    0MMMMM
   _-"   .       '     .              .        ,/   000\ | /000000000MMMMM
          `       Shooter Library       '     ,/     000\|/000000000MMMMMM
   .       © 2017 - Shuriken Studios LLC     ,/0    00000|0000000000MMMMMM
  
  
  Finished precompiling header files for Guardian Final Zero.
  PlayerShip.cpp
  MainMenuScreen.cpp
  Main.cpp
  Level01.cpp
  Level.cpp
  GameplayScreen.cpp
  Game.cpp
  Generating Code...
  GuardianFinalZero.vcxproj -> C:\Users\Ryan Appel\Desktop\ArcadeShooter\x64\Debug\GuardianFinalZero.exe
  GuardianFinalZero.vcxproj -> C:\Users\Ryan Appel\Desktop\ArcadeShooter\x64\Debug\GuardianFinalZero.pdb (Partial PDB)
