  ShooterLibrary.cpp
  
    ██╗  ██╗  █████╗  ████████╗  █████╗  ███╗   ██╗  █████╗
    ██║ ██╔╝ ██╔══██╗ ╚══██╔══╝ ██╔══██╗ ████╗  ██║ ██╔══██╗
    █████╔╝  ███████║    ██║    ███████║ ██╔██╗ ██║ ███████║
    ██╔═██╗  ██╔══██║    ██║    ██╔══██║ ██║╚██╗██║ ██╔══██║
    ██║  ██╗ ██║  ██║    ██║    ██║  ██║ ██║ ╚████║ ██║  ██║
    ╚═╝  ╚═╝ ╚═╝  ╚═╝/\  ╚═╝    ╚═╝  ╚═╝ ╚═╝  ╚═══╝ ╚═╝  ╚═╝
  /vvvvvvvvvvvvvvvvvvv \=========================================,
  `^^^^^^^^^^^^^^^^^^^ /---------------------------------------"
       Katana Engine \/ © 2012 - Shuriken Studios LLC
  
  Standard Headers... Finished.
  Allegro Specific Headers... Finished.
  Math Specific Headers... Finished.
  Input Specific Headers... Finished.
  Resource Management Headers... Finished.
  Graphics Management Headers... Finished.
  Particle Management Headers... Finished.
  Screen Management Headers... Finished.
  Game Engine Headers... Finished.
  Finished precompiling header files for Katana Engine.
  
  
  Started precompiling header files for Shooter Library.
  Finished precompiling header files for Shooter Library.
  
  Ship.cpp
  Projectile.cpp
  PlayerShip.cpp
  Level.cpp
  GameplayScreen.cpp
  GameObject.cpp
  Game.cpp
  EnemyShip.cpp
  CollisionManager.cpp
  Generating Code...
  ShooterLibrary.vcxproj -> C:\Users\Ryan Appel\Desktop\ArcadeShooter\x64\Debug\ShooterLibrary.lib
