c:\users\ryan appel\desktop\arcadeshooter\shooterlibrary\x64\debug\shooterlibrary.pch
c:\users\ryan appel\desktop\arcadeshooter\shooterlibrary\x64\debug\shooterlibrary.pdb
c:\users\ryan appel\desktop\arcadeshooter\shooterlibrary\x64\debug\shooterlibrary.idb
c:\users\ryan appel\desktop\arcadeshooter\shooterlibrary\x64\debug\shooterlibrary.obj
c:\users\ryan appel\desktop\arcadeshooter\shooterlibrary\x64\debug\collisionmanager.obj
c:\users\ryan appel\desktop\arcadeshooter\shooterlibrary\x64\debug\enemyship.obj
c:\users\ryan appel\desktop\arcadeshooter\shooterlibrary\x64\debug\gameobject.obj
c:\users\ryan appel\desktop\arcadeshooter\shooterlibrary\x64\debug\gameplayscreen.obj
c:\users\ryan appel\desktop\arcadeshooter\shooterlibrary\x64\debug\level.obj
c:\users\ryan appel\desktop\arcadeshooter\shooterlibrary\x64\debug\playership.obj
c:\users\ryan appel\desktop\arcadeshooter\shooterlibrary\x64\debug\projectile.obj
c:\users\ryan appel\desktop\arcadeshooter\shooterlibrary\x64\debug\projectilepool.obj
c:\users\ryan appel\desktop\arcadeshooter\shooterlibrary\x64\debug\ship.obj
c:\users\ryan appel\desktop\arcadeshooter\shooterlibrary\x64\debug\game.obj
c:\users\ryan appel\desktop\arcadeshooter\x64\debug\shooterlibrary.lib
c:\users\ryan appel\desktop\arcadeshooter\x64\debug\shooterlibrary.pdb
c:\users\ryan appel\desktop\arcadeshooter\shooterlibrary\x64\debug\shooterlibrary.tlog\cl.command.1.tlog
c:\users\ryan appel\desktop\arcadeshooter\shooterlibrary\x64\debug\shooterlibrary.tlog\cl.read.1.tlog
c:\users\ryan appel\desktop\arcadeshooter\shooterlibrary\x64\debug\shooterlibrary.tlog\cl.write.1.tlog
c:\users\ryan appel\desktop\arcadeshooter\shooterlibrary\x64\debug\shooterlibrary.tlog\lib-link.read.1.tlog
c:\users\ryan appel\desktop\arcadeshooter\shooterlibrary\x64\debug\shooterlibrary.tlog\lib-link.write.1.tlog
c:\users\ryan appel\desktop\arcadeshooter\shooterlibrary\x64\debug\shooterlibrary.tlog\lib.command.1.tlog
