C:\Program Files (x86)\MSBuild\Microsoft.Cpp\v4.0\V140\Microsoft.CppBuild.targets(392,5): warning MSB8028: The intermediate directory (x64\Debug\) contains files shared from another project (SampleLibrary.vcxproj).  This can lead to incorrect clean and rebuild behavior.
  BioEnemyShip.cpp
  Started precompiling header files for Sample.
  Started precompiling header files for Shooter Library.
  Started precompiling header files for Katana Engine.
  Standard Headers...
                  ... Finished.
  Allegro Specific Headers...
                  ... Finished.
  Math Specific Headers...
                  ... Finished.
  Input Specific Headers...
                  ... Finished.
  Resource Management Headers...
                  ... Finished.
  Graphics Management Headers...
                  ... Finished.
  Particle Management Headers...
                  ... Finished.
  Screen Management Headers...
                  ... Finished.
  Game Engine Headers...
                  ... Finished.
  Finished precompiling header files for Katana Engine.
  Game Object Headers...
                  ... Finished.
  Collision Management Headers...
                  ... Finished.
  Core Headers...
                  ... Finished.
  Screen Headers...
                  ... Finished.
  Level Headers...
                  ... Finished.
  Finished precompiling header files for Shooter Library.
  Game Object Headers...
                  ... Finished.
  Level Headers...
                  ... Finished.
  Core Headers...
                  ... Finished.
  Screen Headers...
                  ... Finished.
  Finished precompiling header files for Sample.
  Generating Code...
  Compiling...
  Sample.cpp
  Started precompiling header files for Sample.
  Started precompiling header files for Shooter Library.
  Started precompiling header files for Katana Engine.
  Standard Headers...
                  ... Finished.
  Allegro Specific Headers...
                  ... Finished.
  Math Specific Headers...
                  ... Finished.
  Input Specific Headers...
                  ... Finished.
  Resource Management Headers...
                  ... Finished.
  Graphics Management Headers...
                  ... Finished.
  Particle Management Headers...
                  ... Finished.
  Screen Management Headers...
                  ... Finished.
  Game Engine Headers...
                  ... Finished.
  Finished precompiling header files for Katana Engine.
  Game Object Headers...
                  ... Finished.
  Collision Management Headers...
                  ... Finished.
  Core Headers...
                  ... Finished.
  Screen Headers...
                  ... Finished.
  Level Headers...
                  ... Finished.
  Finished precompiling header files for Shooter Library.
  Game Object Headers...
                  ... Finished.
  Level Headers...
                  ... Finished.
  Core Headers...
                  ... Finished.
  Screen Headers...
                  ... Finished.
  Finished precompiling header files for Sample.
  PowerUp.cpp
  Started precompiling header files for Sample.
  Started precompiling header files for Shooter Library.
  Started precompiling header files for Katana Engine.
  Standard Headers...
                  ... Finished.
  Allegro Specific Headers...
                  ... Finished.
  Math Specific Headers...
                  ... Finished.
  Input Specific Headers...
                  ... Finished.
  Resource Management Headers...
                  ... Finished.
  Graphics Management Headers...
                  ... Finished.
  Particle Management Headers...
                  ... Finished.
  Screen Management Headers...
                  ... Finished.
  Game Engine Headers...
                  ... Finished.
  Finished precompiling header files for Katana Engine.
  Game Object Headers...
                  ... Finished.
  Collision Management Headers...
                  ... Finished.
  Core Headers...
                  ... Finished.
  Screen Headers...
                  ... Finished.
  Level Headers...
                  ... Finished.
  Finished precompiling header files for Shooter Library.
  Game Object Headers...
                  ... Finished.
  Level Headers...
                  ... Finished.
  Core Headers...
                  ... Finished.
  Screen Headers...
                  ... Finished.
  Finished precompiling header files for Sample.
  PlayerShip.cpp
  Started precompiling header files for Sample.
  Started precompiling header files for Shooter Library.
  Started precompiling header files for Katana Engine.
  Standard Headers...
                  ... Finished.
  Allegro Specific Headers...
                  ... Finished.
  Math Specific Headers...
                  ... Finished.
  Input Specific Headers...
                  ... Finished.
  Resource Management Headers...
                  ... Finished.
  Graphics Management Headers...
                  ... Finished.
  Particle Management Headers...
                  ... Finished.
  Screen Management Headers...
                  ... Finished.
  Game Engine Headers...
                  ... Finished.
  Finished precompiling header files for Katana Engine.
  Game Object Headers...
                  ... Finished.
  Collision Management Headers...
                  ... Finished.
  Core Headers...
                  ... Finished.
  Screen Headers...
                  ... Finished.
  Level Headers...
                  ... Finished.
  Finished precompiling header files for Shooter Library.
  Game Object Headers...
                  ... Finished.
  Level Headers...
                  ... Finished.
  Core Headers...
                  ... Finished.
  Screen Headers...
                  ... Finished.
  Finished precompiling header files for Sample.
  MainMenuScreen.cpp
  Started precompiling header files for Sample.
  Started precompiling header files for Shooter Library.
  Started precompiling header files for Katana Engine.
  Standard Headers...
                  ... Finished.
  Allegro Specific Headers...
                  ... Finished.
  Math Specific Headers...
                  ... Finished.
  Input Specific Headers...
                  ... Finished.
  Resource Management Headers...
                  ... Finished.
  Graphics Management Headers...
                  ... Finished.
  Particle Management Headers...
                  ... Finished.
  Screen Management Headers...
                  ... Finished.
  Game Engine Headers...
                  ... Finished.
  Finished precompiling header files for Katana Engine.
  Game Object Headers...
                  ... Finished.
  Collision Management Headers...
                  ... Finished.
  Core Headers...
                  ... Finished.
  Screen Headers...
                  ... Finished.
  Level Headers...
                  ... Finished.
  Finished precompiling header files for Shooter Library.
  Game Object Headers...
                  ... Finished.
  Level Headers...
                  ... Finished.
  Core Headers...
                  ... Finished.
  Screen Headers...
                  ... Finished.
  Finished precompiling header files for Sample.
  Main.cpp
  Started precompiling header files for Sample.
  Started precompiling header files for Shooter Library.
  Started precompiling header files for Katana Engine.
  Standard Headers...
                  ... Finished.
  Allegro Specific Headers...
                  ... Finished.
  Math Specific Headers...
                  ... Finished.
  Input Specific Headers...
                  ... Finished.
  Resource Management Headers...
                  ... Finished.
  Graphics Management Headers...
                  ... Finished.
  Particle Management Headers...
                  ... Finished.
  Screen Management Headers...
                  ... Finished.
  Game Engine Headers...
                  ... Finished.
  Finished precompiling header files for Katana Engine.
  Game Object Headers...
                  ... Finished.
  Collision Management Headers...
                  ... Finished.
  Core Headers...
                  ... Finished.
  Screen Headers...
                  ... Finished.
  Level Headers...
                  ... Finished.
  Finished precompiling header files for Shooter Library.
  Game Object Headers...
                  ... Finished.
  Level Headers...
                  ... Finished.
  Core Headers...
                  ... Finished.
  Screen Headers...
                  ... Finished.
  Finished precompiling header files for Sample.
  Level01.cpp
  Started precompiling header files for Sample.
  Started precompiling header files for Shooter Library.
  Started precompiling header files for Katana Engine.
  Standard Headers...
                  ... Finished.
  Allegro Specific Headers...
                  ... Finished.
  Math Specific Headers...
                  ... Finished.
  Input Specific Headers...
                  ... Finished.
  Resource Management Headers...
                  ... Finished.
  Graphics Management Headers...
                  ... Finished.
  Particle Management Headers...
                  ... Finished.
  Screen Management Headers...
                  ... Finished.
  Game Engine Headers...
                  ... Finished.
  Finished precompiling header files for Katana Engine.
  Game Object Headers...
                  ... Finished.
  Collision Management Headers...
                  ... Finished.
  Core Headers...
                  ... Finished.
  Screen Headers...
                  ... Finished.
  Level Headers...
                  ... Finished.
  Finished precompiling header files for Shooter Library.
  Game Object Headers...
                  ... Finished.
  Level Headers...
                  ... Finished.
  Core Headers...
                  ... Finished.
  Screen Headers...
                  ... Finished.
  Finished precompiling header files for Sample.
  Level.cpp
  Started precompiling header files for Sample.
  Started precompiling header files for Shooter Library.
  Started precompiling header files for Katana Engine.
  Standard Headers...
                  ... Finished.
  Allegro Specific Headers...
                  ... Finished.
  Math Specific Headers...
                  ... Finished.
  Input Specific Headers...
                  ... Finished.
  Resource Management Headers...
                  ... Finished.
  Graphics Management Headers...
                  ... Finished.
  Particle Management Headers...
                  ... Finished.
  Screen Management Headers...
                  ... Finished.
  Game Engine Headers...
                  ... Finished.
  Finished precompiling header files for Katana Engine.
  Game Object Headers...
                  ... Finished.
  Collision Management Headers...
                  ... Finished.
  Core Headers...
                  ... Finished.
  Screen Headers...
                  ... Finished.
  Level Headers...
                  ... Finished.
  Finished precompiling header files for Shooter Library.
  Game Object Headers...
                  ... Finished.
  Level Headers...
                  ... Finished.
  Core Headers...
                  ... Finished.
  Screen Headers...
                  ... Finished.
  Finished precompiling header files for Sample.
  GameplayScreen.cpp
  Started precompiling header files for Sample.
  Started precompiling header files for Shooter Library.
  Started precompiling header files for Katana Engine.
  Standard Headers...
                  ... Finished.
  Allegro Specific Headers...
                  ... Finished.
  Math Specific Headers...
                  ... Finished.
  Input Specific Headers...
                  ... Finished.
  Resource Management Headers...
                  ... Finished.
  Graphics Management Headers...
                  ... Finished.
  Particle Management Headers...
                  ... Finished.
  Screen Management Headers...
                  ... Finished.
  Game Engine Headers...
                  ... Finished.
  Finished precompiling header files for Katana Engine.
  Game Object Headers...
                  ... Finished.
  Collision Management Headers...
                  ... Finished.
  Core Headers...
                  ... Finished.
  Screen Headers...
                  ... Finished.
  Level Headers...
                  ... Finished.
  Finished precompiling header files for Shooter Library.
  Game Object Headers...
                  ... Finished.
  Level Headers...
                  ... Finished.
  Core Headers...
                  ... Finished.
  Screen Headers...
                  ... Finished.
  Finished precompiling header files for Sample.
  Game.cpp
  Started precompiling header files for Sample.
  Started precompiling header files for Shooter Library.
  Started precompiling header files for Katana Engine.
  Standard Headers...
                  ... Finished.
  Allegro Specific Headers...
                  ... Finished.
  Math Specific Headers...
                  ... Finished.
  Input Specific Headers...
                  ... Finished.
  Resource Management Headers...
                  ... Finished.
  Graphics Management Headers...
                  ... Finished.
  Particle Management Headers...
                  ... Finished.
  Screen Management Headers...
                  ... Finished.
  Game Engine Headers...
                  ... Finished.
  Finished precompiling header files for Katana Engine.
  Game Object Headers...
                  ... Finished.
  Collision Management Headers...
                  ... Finished.
  Core Headers...
                  ... Finished.
  Screen Headers...
                  ... Finished.
  Level Headers...
                  ... Finished.
  Finished precompiling header files for Shooter Library.
  Game Object Headers...
                  ... Finished.
  Level Headers...
                  ... Finished.
  Core Headers...
                  ... Finished.
  Screen Headers...
                  ... Finished.
  Finished precompiling header files for Sample.
  Generating Code...
c:\users\ryan appel\desktop\arcadeshooter\samplelibrary\playership.cpp(61): warning C4715: 'Sample::PlayerShip::Resolve': not all control paths return a value
c:\users\ryan appel\desktop\arcadeshooter\samplelibrary\powerup.cpp(45): warning C4715: 'Sample::PowerUp::Resolve': not all control paths return a value
  SampleLibrary.vcxproj -> C:\Users\Ryan Appel\Desktop\ArcadeShooter\x64\Debug\Sample.exe
  SampleLibrary.vcxproj -> C:\Users\Ryan Appel\Desktop\ArcadeShooter\x64\Debug\Sample.pdb (Partial PDB)
