c:\users\appel\desktop\arcadeshooter\sample\x64\debug\vc141.pdb
c:\users\appel\desktop\arcadeshooter\sample\x64\debug\vc141.idb
c:\users\appel\desktop\arcadeshooter\sample\x64\debug\bioenemyship.obj
c:\users\appel\desktop\arcadeshooter\sample\x64\debug\collisiontype.obj
c:\users\appel\desktop\arcadeshooter\sample\x64\debug\explosion.obj
c:\users\appel\desktop\arcadeshooter\sample\x64\debug\level01.obj
c:\users\appel\desktop\arcadeshooter\sample\x64\debug\level02.obj
c:\users\appel\desktop\arcadeshooter\sample\x64\debug\leveloverscreen.obj
c:\users\appel\desktop\arcadeshooter\sample\x64\debug\levelselectmenu.obj
c:\users\appel\desktop\arcadeshooter\sample\x64\debug\main.obj
c:\users\appel\desktop\arcadeshooter\sample\x64\debug\mainmenuscreen.obj
c:\users\appel\desktop\arcadeshooter\sample\x64\debug\menuscreen.obj
c:\users\appel\desktop\arcadeshooter\sample\x64\debug\missile.obj
c:\users\appel\desktop\arcadeshooter\sample\x64\debug\pausemenuscreen.obj
c:\users\appel\desktop\arcadeshooter\sample\x64\debug\powerup.obj
c:\users\appel\desktop\arcadeshooter\sample\x64\debug\game.obj
c:\users\appel\desktop\arcadeshooter\sample\x64\debug\gameplayscreen.obj
c:\users\appel\desktop\arcadeshooter\sample\x64\debug\level.obj
c:\users\appel\desktop\arcadeshooter\sample\x64\debug\sample.obj
c:\users\appel\desktop\arcadeshooter\sample\x64\debug\playership.obj
c:\users\appel\desktop\arcadeshooter\sample\x64\debug\savedata.obj
c:\users\appel\desktop\arcadeshooter\sample\x64\debug\shipselectscreen.obj
c:\users\appel\desktop\arcadeshooter\sample\x64\debug\background.obj
c:\users\appel\desktop\arcadeshooter\x64\debug\sample\sample.exe
c:\users\appel\desktop\arcadeshooter\x64\debug\sample\sample.ilk
c:\users\appel\desktop\arcadeshooter\x64\debug\sample\sample.pdb
c:\users\appel\desktop\arcadeshooter\sample\x64\debug\leveloverscreen.obj.enc
c:\users\appel\desktop\arcadeshooter\sample\x64\debug\sample.tlog\cl.command.1.tlog
c:\users\appel\desktop\arcadeshooter\sample\x64\debug\sample.tlog\cl.read.1.tlog
c:\users\appel\desktop\arcadeshooter\sample\x64\debug\sample.tlog\cl.write.1.tlog
c:\users\appel\desktop\arcadeshooter\sample\x64\debug\sample.tlog\link.command.1.tlog
c:\users\appel\desktop\arcadeshooter\sample\x64\debug\sample.tlog\link.read.1.tlog
c:\users\appel\desktop\arcadeshooter\sample\x64\debug\sample.tlog\link.write.1.tlog
