c:\users\ryan appel\desktop\arcadeshooter\arcadeshooter\x64\debug\vc140.pdb
c:\users\ryan appel\desktop\arcadeshooter\arcadeshooter\x64\debug\vc140.idb
c:\users\ryan appel\desktop\arcadeshooter\arcadeshooter\x64\debug\arcadeshooter.vcxprojresolveassemblyreference.cache
c:\users\ryan appel\desktop\arcadeshooter\x64\debug\arcadeshooter.pdb
c:\users\ryan appel\desktop\arcadeshooter\arcadeshooter\x64\debug\arcadeshooter.tlog\cl.command.1.tlog
c:\users\ryan appel\desktop\arcadeshooter\arcadeshooter\x64\debug\arcadeshooter.tlog\cl.read.1.tlog
c:\users\ryan appel\desktop\arcadeshooter\arcadeshooter\x64\debug\arcadeshooter.tlog\cl.write.1.tlog
c:\users\ryan appel\desktop\arcadeshooter\arcadeshooter\x64\debug\arcadeshooter.tlog\link-cvtres.read.1.tlog
c:\users\ryan appel\desktop\arcadeshooter\arcadeshooter\x64\debug\arcadeshooter.tlog\link-cvtres.write.1.tlog
c:\users\ryan appel\desktop\arcadeshooter\arcadeshooter\x64\debug\arcadeshooter.tlog\link-rc.read.1.tlog
c:\users\ryan appel\desktop\arcadeshooter\arcadeshooter\x64\debug\arcadeshooter.tlog\link-rc.write.1.tlog
c:\users\ryan appel\desktop\arcadeshooter\arcadeshooter\x64\debug\arcadeshooter.tlog\link.916-cvtres.read.1.tlog
c:\users\ryan appel\desktop\arcadeshooter\arcadeshooter\x64\debug\arcadeshooter.tlog\link.916-cvtres.write.1.tlog
c:\users\ryan appel\desktop\arcadeshooter\arcadeshooter\x64\debug\arcadeshooter.tlog\link.916-rc.read.1.tlog
c:\users\ryan appel\desktop\arcadeshooter\arcadeshooter\x64\debug\arcadeshooter.tlog\link.916-rc.write.1.tlog
c:\users\ryan appel\desktop\arcadeshooter\arcadeshooter\x64\debug\arcadeshooter.tlog\link.916.read.1.tlog
c:\users\ryan appel\desktop\arcadeshooter\arcadeshooter\x64\debug\arcadeshooter.tlog\link.916.write.1.tlog
c:\users\ryan appel\desktop\arcadeshooter\arcadeshooter\x64\debug\arcadeshooter.tlog\link.command.1.tlog
c:\users\ryan appel\desktop\arcadeshooter\arcadeshooter\x64\debug\arcadeshooter.tlog\link.read.1.tlog
c:\users\ryan appel\desktop\arcadeshooter\arcadeshooter\x64\debug\arcadeshooter.tlog\link.write.1.tlog
