  ArcadeShooter.cpp
  Started precompiling header files for Sample Library.
  Started precompiling header files for Shooter Library.
  Started precompiling header files for Katana Engine.
  Standard Headers...
                  ... Finished.
  Allegro Specific Headers...
                  ... Finished.
  Math Specific Headers...
                  ... Finished.
  Input Specific Headers...
                  ... Finished.
  Resource Management Headers...
                  ... Finished.
  Graphics Management Headers...
                  ... Finished.
  Particle Management Headers...
                  ... Finished.
  Screen Management Headers...
                  ... Finished.
  Game Engine Headers...
                  ... Finished.
  Finished precompiling header files for Katana Engine.
  Game Object Headers...
                  ... Finished.
  Core Headers...
                  ... Finished.
  Screen Headers...
                  ... Finished.
  Level Headers...
                  ... Finished.
  Finished precompiling header files for Shooter Library.
  Game Object Headers...
                  ... Finished.
  Level Headers...
                  ... Finished.
  Core Headers...
                  ... Finished.
  Screen Headers...
                  ... Finished.
  Finished precompiling header files for Sample Library.
  Started precompiling header files for Guardian Final Zero.
  Game Object Headers...
                  ... Finished.
  Level Headers...
                  ... Finished.
  Screen Headers...
                  ... Finished.
  Game Object Headers...
                  ... Finished.
  Finished precompiling header files for Guardian Final Zero.
  Generating Code...
  Compiling...
  Main.cpp
  Started precompiling header files for Sample Library.
  Started precompiling header files for Shooter Library.
  Started precompiling header files for Katana Engine.
  Standard Headers...
                  ... Finished.
  Allegro Specific Headers...
                  ... Finished.
  Math Specific Headers...
                  ... Finished.
  Input Specific Headers...
                  ... Finished.
  Resource Management Headers...
                  ... Finished.
  Graphics Management Headers...
                  ... Finished.
  Particle Management Headers...
                  ... Finished.
  Screen Management Headers...
                  ... Finished.
  Game Engine Headers...
                  ... Finished.
  Finished precompiling header files for Katana Engine.
  Game Object Headers...
                  ... Finished.
  Core Headers...
                  ... Finished.
  Screen Headers...
                  ... Finished.
  Level Headers...
                  ... Finished.
  Finished precompiling header files for Shooter Library.
  Game Object Headers...
                  ... Finished.
  Level Headers...
                  ... Finished.
  Core Headers...
                  ... Finished.
  Screen Headers...
                  ... Finished.
  Finished precompiling header files for Sample Library.
  Started precompiling header files for Guardian Final Zero.
  Game Object Headers...
                  ... Finished.
  Level Headers...
                  ... Finished.
  Screen Headers...
                  ... Finished.
  Game Object Headers...
                  ... Finished.
  Finished precompiling header files for Guardian Final Zero.
  Generating Code...
  ArcadeShooter.vcxproj -> C:\Users\Ryan Appel\Desktop\ArcadeShooter\x64\Debug\ArcadeShooter.exe
  ArcadeShooter.vcxproj -> C:\Users\Ryan Appel\Desktop\ArcadeShooter\x64\Debug\ArcadeShooter.pdb (Partial PDB)
