c:\users\appel\desktop\arcadeshooter\guardianfinalzero\x64\debug\guardianfinalzero.pch
c:\users\appel\desktop\arcadeshooter\guardianfinalzero\x64\debug\vc141.pdb
c:\users\appel\desktop\arcadeshooter\guardianfinalzero\x64\debug\vc141.idb
c:\users\appel\desktop\arcadeshooter\guardianfinalzero\x64\debug\guardianfinalzero.obj
c:\users\appel\desktop\arcadeshooter\guardianfinalzero\x64\debug\gameplayscreen.obj
c:\users\appel\desktop\arcadeshooter\guardianfinalzero\x64\debug\game.obj
c:\users\appel\desktop\arcadeshooter\guardianfinalzero\x64\debug\level.obj
c:\users\appel\desktop\arcadeshooter\guardianfinalzero\x64\debug\level01.obj
c:\users\appel\desktop\arcadeshooter\guardianfinalzero\x64\debug\main.obj
c:\users\appel\desktop\arcadeshooter\guardianfinalzero\x64\debug\mainmenuscreen.obj
c:\users\appel\desktop\arcadeshooter\guardianfinalzero\x64\debug\playership.obj
c:\users\appel\desktop\arcadeshooter\x64\debug\guardianfinalzero\guardianfinalzero.ilk
c:\users\appel\desktop\arcadeshooter\x64\debug\guardianfinalzero\guardianfinalzero.exe
c:\users\appel\desktop\arcadeshooter\x64\debug\guardianfinalzero\guardianfinalzero.pdb
c:\users\appel\desktop\arcadeshooter\guardianfinalzero\x64\debug\guardian.8fd46478.tlog\cl.command.1.tlog
c:\users\appel\desktop\arcadeshooter\guardianfinalzero\x64\debug\guardian.8fd46478.tlog\cl.read.1.tlog
c:\users\appel\desktop\arcadeshooter\guardianfinalzero\x64\debug\guardian.8fd46478.tlog\cl.write.1.tlog
c:\users\appel\desktop\arcadeshooter\guardianfinalzero\x64\debug\guardian.8fd46478.tlog\link.command.1.tlog
c:\users\appel\desktop\arcadeshooter\guardianfinalzero\x64\debug\guardian.8fd46478.tlog\link.read.1.tlog
c:\users\appel\desktop\arcadeshooter\guardianfinalzero\x64\debug\guardian.8fd46478.tlog\link.write.1.tlog
