  GuardianFinalZero.cpp
  Started precompiling header files for Guardian Final Zero.
  Started precompiling header files for Shooter Library.
  Started precompiling header files for Katana Engine.
  Standard Headers...
                  ... Finished.
  Allegro Specific Headers...
                  ... Finished.
  Math Specific Headers...
                  ... Finished.
  Input Specific Headers...
                  ... Finished.
  Resource Management Headers...
                  ... Finished.
  Graphics Management Headers...
                  ... Finished.
  Particle Management Headers...
                  ... Finished.
  Screen Management Headers...
                  ... Finished.
  Game Engine Headers...
c:\users\ryan appel\desktop\arcadeshooter\katanaengine\game.h(47): error C2143: syntax error: missing ';' before '*'
c:\users\ryan appel\desktop\arcadeshooter\katanaengine\game.h(47): error C4430: missing type specifier - int assumed. Note: C++ does not support default-int
c:\users\ryan appel\desktop\arcadeshooter\katanaengine\game.h(47): error C2334: unexpected token(s) preceding '{'; skipping apparent function body
c:\users\ryan appel\desktop\arcadeshooter\katanaengine\game.h(115): error C2143: syntax error: missing ';' before '*'
c:\users\ryan appel\desktop\arcadeshooter\katanaengine\game.h(115): error C4430: missing type specifier - int assumed. Note: C++ does not support default-int
c:\users\ryan appel\desktop\arcadeshooter\katanaengine\game.h(115): error C2238: unexpected token(s) preceding ';'
c:\users\ryan appel\desktop\arcadeshooter\katanaengine\game.h(79): error C2065: 'm_pScreenManager': undeclared identifier
c:\users\ryan appel\desktop\arcadeshooter\katanaengine\game.h(79): error C2061: syntax error: identifier 'ScreenManager'
                  ... Finished.
  Finished precompiling header files for Katana Engine.
  Game Object Headers...
                  ... Finished.
  Collision Management Headers...
                  ... Finished.
  Core Headers...
                  ... Finished.
  Screen Headers...
c:\users\ryan appel\desktop\arcadeshooter\shooterlibrary\gameplayscreen.h(9): error C2504: 'Screen': base class undefined
                  ... Finished.
  Level Headers...
c:\users\ryan appel\desktop\arcadeshooter\shooterlibrary\level.h(34): error C2039: 'GetSpriteBatch': is not a member of 'ShooterLibrary::GameplayScreen'
  c:\users\ryan appel\desktop\arcadeshooter\shooterlibrary\gameplayscreen.h(8): note: see declaration of 'ShooterLibrary::GameplayScreen'
c:\users\ryan appel\desktop\arcadeshooter\shooterlibrary\level.h(72): error C2039: 'GetResourceManager': is not a member of 'ShooterLibrary::GameplayScreen'
  c:\users\ryan appel\desktop\arcadeshooter\shooterlibrary\gameplayscreen.h(8): note: see declaration of 'ShooterLibrary::GameplayScreen'
                  ... Finished.
  Finished precompiling header files for Shooter Library.
  Game Object Headers...
                  ... Finished.
  Level Headers...
                  ... Finished.
  Screen Headers...
c:\users\ryan appel\desktop\arcadeshooter\guardianfinalzero\mainmenuscreen.h(7): error C2504: 'MenuScreen': base class undefined
                  ... Finished.
  Game Object Headers...
                  ... Finished.
  Finished precompiling header files for Guardian Final Zero.
