  ShooterLibrary.cpp
  Started precompiling header files for Shooter Library.
  Started precompiling header files for Katana Engine.
  Standard Headers...
                  ... Finished.
  Allegro Specific Headers...
                  ... Finished.
  Math Specific Headers...
                  ... Finished.
  Input Specific Headers...
                  ... Finished.
  Resource Management Headers...
                  ... Finished.
  Graphics Management Headers...
                  ... Finished.
  Screen Management Headers...
                  ... Finished.
  Game Engine Headers...
                  ... Finished.
  Finished precompiling header files for Katana Engine.
  Game Object Headers...
                  ... Finished.
  Finished precompiling header files for Shooter Library.
  main.cpp
c:\users\appel\desktop\katanaengine\shooterlibrary\main.cpp(8): fatal error C1010: unexpected end of file while looking for precompiled header. Did you forget to add '#include "ShooterLibrary.h"' to your source?
  GameObject.cpp
c:\users\appel\desktop\katanaengine\shooterlibrary\gameobject.cpp(42): error C2065: 'PlayerShip': undeclared identifier
c:\users\appel\desktop\katanaengine\shooterlibrary\gameobject.cpp(42): error C2065: 'pPlayerShip': undeclared identifier
c:\users\appel\desktop\katanaengine\shooterlibrary\gameobject.cpp(43): error C2065: 'EnemyShip': undeclared identifier
c:\users\appel\desktop\katanaengine\shooterlibrary\gameobject.cpp(43): error C2065: 'pEnemyShip': undeclared identifier
c:\users\appel\desktop\katanaengine\shooterlibrary\gameobject.cpp(44): error C2065: 'Projectile': undeclared identifier
c:\users\appel\desktop\katanaengine\shooterlibrary\gameobject.cpp(44): error C2065: 'pProjectile': undeclared identifier
c:\users\appel\desktop\katanaengine\shooterlibrary\gameobject.cpp(51): error C2065: 'pPlayerShip': undeclared identifier
c:\users\appel\desktop\katanaengine\shooterlibrary\gameobject.cpp(51): error C2061: syntax error: identifier 'PlayerShip'
c:\users\appel\desktop\katanaengine\shooterlibrary\gameobject.cpp(61): error C2065: 'pEnemyShip': undeclared identifier
c:\users\appel\desktop\katanaengine\shooterlibrary\gameobject.cpp(61): error C2061: syntax error: identifier 'EnemyShip'
c:\users\appel\desktop\katanaengine\shooterlibrary\gameobject.cpp(64): error C2065: 'pProjectile': undeclared identifier
c:\users\appel\desktop\katanaengine\shooterlibrary\gameobject.cpp(64): error C2061: syntax error: identifier 'Projectile'
c:\users\appel\desktop\katanaengine\shooterlibrary\gameobject.cpp(65): error C2065: 'pProjectile': undeclared identifier
c:\users\appel\desktop\katanaengine\shooterlibrary\gameobject.cpp(65): error C2227: left of '->GetDamage' must point to class/struct/union/generic type
  c:\users\appel\desktop\katanaengine\shooterlibrary\gameobject.cpp(65): note: type is 'unknown-type'
c:\users\appel\desktop\katanaengine\shooterlibrary\gameobject.cpp(80): error C2027: use of undefined type 'Level'
  c:\users\appel\desktop\katanaengine\shooterlibrary\gameobject.h(1): note: see declaration of 'Level'
c:\users\appel\desktop\katanaengine\shooterlibrary\gameobject.cpp(80): error C3861: 'GetCurrentLevel': identifier not found
c:\users\appel\desktop\katanaengine\shooterlibrary\gameobject.cpp(82): error C2027: use of undefined type 'Level'
  c:\users\appel\desktop\katanaengine\shooterlibrary\gameobject.h(1): note: see declaration of 'Level'
c:\users\appel\desktop\katanaengine\shooterlibrary\gameobject.cpp(82): error C3861: 'GetCurrentLevel': identifier not found
c:\users\appel\desktop\katanaengine\shooterlibrary\gameobject.cpp(82): error C2227: left of '->UpdateSectorPosition' must point to class/struct/union/generic type
  c:\users\appel\desktop\katanaengine\shooterlibrary\gameobject.cpp(82): note: type is 'unknown-type'
  Generating Code...
