c:\users\appel\desktop\katanaengine\katanaengine\debug\katanaengine.pch
c:\users\appel\desktop\katanaengine\katanaengine\debug\vc140.pdb
c:\users\appel\desktop\katanaengine\katanaengine\debug\vc140.idb
c:\users\appel\desktop\katanaengine\katanaengine\debug\katanaengine.obj
c:\users\appel\desktop\katanaengine\katanaengine\debug\animation.obj
c:\users\appel\desktop\katanaengine\katanaengine\debug\color.obj
c:\users\appel\desktop\katanaengine\katanaengine\debug\font.obj
c:\users\appel\desktop\katanaengine\katanaengine\debug\game.obj
c:\users\appel\desktop\katanaengine\katanaengine\debug\gametime.obj
c:\users\appel\desktop\katanaengine\katanaengine\debug\inputstate.obj
c:\users\appel\desktop\katanaengine\katanaengine\debug\main.obj
c:\users\appel\desktop\katanaengine\katanaengine\debug\menuitem.obj
c:\users\appel\desktop\katanaengine\katanaengine\debug\menuscreen.obj
c:\users\appel\desktop\katanaengine\katanaengine\debug\point.obj
c:\users\appel\desktop\katanaengine\katanaengine\debug\rendertarget.obj
c:\users\appel\desktop\katanaengine\katanaengine\debug\resource.obj
c:\users\appel\desktop\katanaengine\katanaengine\debug\screen.obj
c:\users\appel\desktop\katanaengine\katanaengine\debug\screenmanager.obj
c:\users\appel\desktop\katanaengine\katanaengine\debug\spritebatch.obj
c:\users\appel\desktop\katanaengine\katanaengine\debug\texture.obj
c:\users\appel\desktop\katanaengine\katanaengine\debug\vector2.obj
c:\users\appel\desktop\katanaengine\debug\katanaengine.ilk
c:\users\appel\desktop\katanaengine\debug\katanaengine.exe
c:\users\appel\desktop\katanaengine\debug\katanaengine.pdb
c:\users\appel\desktop\katanaengine\katanaengine\debug\katanaengine.tlog\cl.command.1.tlog
c:\users\appel\desktop\katanaengine\katanaengine\debug\katanaengine.tlog\cl.read.1.tlog
c:\users\appel\desktop\katanaengine\katanaengine\debug\katanaengine.tlog\cl.write.1.tlog
c:\users\appel\desktop\katanaengine\katanaengine\debug\katanaengine.tlog\link.command.1.tlog
c:\users\appel\desktop\katanaengine\katanaengine\debug\katanaengine.tlog\link.read.1.tlog
c:\users\appel\desktop\katanaengine\katanaengine\debug\katanaengine.tlog\link.write.1.tlog
