  TriggerType.cpp
  SpaceFighter.cpp
  
  
           ██╗  ██╗  █████╗  ████████╗  █████╗  ███╗   ██╗  █████╗ 
           ██║ ██╔╝ ██╔══██╗ ╚══██╔══╝ ██╔══██╗ ████╗  ██║ ██╔══██╗
           █████╔╝  ███████║    ██║    ███████║ ██╔██╗ ██║ ███████║
           ██╔═██╗  ██╔══██║    ██║    ██╔══██║ ██║╚██╗██║ ██╔══██║
           ██║  ██╗ ██║  ██║    ██║    ██║  ██║ ██║ ╚████║ ██║  ██║
           ╚═╝  ╚═╝ ╚═╝  ╚═╝/\  ╚═╝    ╚═╝  ╚═╝ ╚═╝  ╚═══╝ ╚═╝  ╚═╝
         /vvvvvvvvvvvvvvvvvvv \=======================================,
         `^^^^^^^^^^^^^^^^^^^ /-------------------------------------"
              Katana Engine \/ © 2012 - Shuriken Studios LLC
                      http://www.shurikenstudios.com
  
  Ship.cpp
  
  
           ██╗  ██╗  █████╗  ████████╗  █████╗  ███╗   ██╗  █████╗ 
           ██║ ██╔╝ ██╔══██╗ ╚══██╔══╝ ██╔══██╗ ████╗  ██║ ██╔══██╗
           █████╔╝  ███████║    ██║    ███████║ ██╔██╗ ██║ ███████║
           ██╔═██╗  ██╔══██║    ██║    ██╔══██║ ██║╚██╗██║ ██╔══██║
           ██║  ██╗ ██║  ██║    ██║    ██║  ██║ ██║ ╚████║ ██║  ██║
           ╚═╝  ╚═╝ ╚═╝  ╚═╝/\  ╚═╝    ╚═╝  ╚═╝ ╚═╝  ╚═══╝ ╚═╝  ╚═╝
         /vvvvvvvvvvvvvvvvvvv \=======================================,
         `^^^^^^^^^^^^^^^^^^^ /-------------------------------------"
              Katana Engine \/ © 2012 - Shuriken Studios LLC
                      http://www.shurikenstudios.com
  
  Projectile.cpp
  
  
           ██╗  ██╗  █████╗  ████████╗  █████╗  ███╗   ██╗  █████╗ 
           ██║ ██╔╝ ██╔══██╗ ╚══██╔══╝ ██╔══██╗ ████╗  ██║ ██╔══██╗
           █████╔╝  ███████║    ██║    ███████║ ██╔██╗ ██║ ███████║
           ██╔═██╗  ██╔══██║    ██║    ██╔══██║ ██║╚██╗██║ ██╔══██║
           ██║  ██╗ ██║  ██║    ██║    ██║  ██║ ██║ ╚████║ ██║  ██║
           ╚═╝  ╚═╝ ╚═╝  ╚═╝/\  ╚═╝    ╚═╝  ╚═╝ ╚═╝  ╚═══╝ ╚═╝  ╚═╝
         /vvvvvvvvvvvvvvvvvvv \=======================================,
         `^^^^^^^^^^^^^^^^^^^ /-------------------------------------"
              Katana Engine \/ © 2012 - Shuriken Studios LLC
                      http://www.shurikenstudios.com
  
  PlayerShip.cpp
  
  
           ██╗  ██╗  █████╗  ████████╗  █████╗  ███╗   ██╗  █████╗ 
           ██║ ██╔╝ ██╔══██╗ ╚══██╔══╝ ██╔══██╗ ████╗  ██║ ██╔══██╗
           █████╔╝  ███████║    ██║    ███████║ ██╔██╗ ██║ ███████║
           ██╔═██╗  ██╔══██║    ██║    ██╔══██║ ██║╚██╗██║ ██╔══██║
           ██║  ██╗ ██║  ██║    ██║    ██║  ██║ ██║ ╚████║ ██║  ██║
           ╚═╝  ╚═╝ ╚═╝  ╚═╝/\  ╚═╝    ╚═╝  ╚═╝ ╚═╝  ╚═══╝ ╚═╝  ╚═╝
         /vvvvvvvvvvvvvvvvvvv \=======================================,
         `^^^^^^^^^^^^^^^^^^^ /-------------------------------------"
              Katana Engine \/ © 2012 - Shuriken Studios LLC
                      http://www.shurikenstudios.com
  
  MainMenuScreen.cpp
  
  
           ██╗  ██╗  █████╗  ████████╗  █████╗  ███╗   ██╗  █████╗ 
           ██║ ██╔╝ ██╔══██╗ ╚══██╔══╝ ██╔══██╗ ████╗  ██║ ██╔══██╗
           █████╔╝  ███████║    ██║    ███████║ ██╔██╗ ██║ ███████║
           ██╔═██╗  ██╔══██║    ██║    ██╔══██║ ██║╚██╗██║ ██╔══██║
           ██║  ██╗ ██║  ██║    ██║    ██║  ██║ ██║ ╚████║ ██║  ██║
           ╚═╝  ╚═╝ ╚═╝  ╚═╝/\  ╚═╝    ╚═╝  ╚═╝ ╚═╝  ╚═══╝ ╚═╝  ╚═╝
         /vvvvvvvvvvvvvvvvvvv \=======================================,
         `^^^^^^^^^^^^^^^^^^^ /-------------------------------------"
              Katana Engine \/ © 2012 - Shuriken Studios LLC
                      http://www.shurikenstudios.com
  
  Main.cpp
  
  
           ██╗  ██╗  █████╗  ████████╗  █████╗  ███╗   ██╗  █████╗ 
           ██║ ██╔╝ ██╔══██╗ ╚══██╔══╝ ██╔══██╗ ████╗  ██║ ██╔══██╗
           █████╔╝  ███████║    ██║    ███████║ ██╔██╗ ██║ ███████║
           ██╔═██╗  ██╔══██║    ██║    ██╔══██║ ██║╚██╗██║ ██╔══██║
           ██║  ██╗ ██║  ██║    ██║    ██║  ██║ ██║ ╚████║ ██║  ██║
           ╚═╝  ╚═╝ ╚═╝  ╚═╝/\  ╚═╝    ╚═╝  ╚═╝ ╚═╝  ╚═══╝ ╚═╝  ╚═╝
         /vvvvvvvvvvvvvvvvvvv \=======================================,
         `^^^^^^^^^^^^^^^^^^^ /-------------------------------------"
              Katana Engine \/ © 2012 - Shuriken Studios LLC
                      http://www.shurikenstudios.com
  
  Level01.cpp
  
  
           ██╗  ██╗  █████╗  ████████╗  █████╗  ███╗   ██╗  █████╗ 
           ██║ ██╔╝ ██╔══██╗ ╚══██╔══╝ ██╔══██╗ ████╗  ██║ ██╔══██╗
           █████╔╝  ███████║    ██║    ███████║ ██╔██╗ ██║ ███████║
           ██╔═██╗  ██╔══██║    ██║    ██╔══██║ ██║╚██╗██║ ██╔══██║
           ██║  ██╗ ██║  ██║    ██║    ██║  ██║ ██║ ╚████║ ██║  ██║
           ╚═╝  ╚═╝ ╚═╝  ╚═╝/\  ╚═╝    ╚═╝  ╚═╝ ╚═╝  ╚═══╝ ╚═╝  ╚═╝
         /vvvvvvvvvvvvvvvvvvv \=======================================,
         `^^^^^^^^^^^^^^^^^^^ /-------------------------------------"
              Katana Engine \/ © 2012 - Shuriken Studios LLC
                      http://www.shurikenstudios.com
  
  Level.cpp
  
  
           ██╗  ██╗  █████╗  ████████╗  █████╗  ███╗   ██╗  █████╗ 
           ██║ ██╔╝ ██╔══██╗ ╚══██╔══╝ ██╔══██╗ ████╗  ██║ ██╔══██╗
           █████╔╝  ███████║    ██║    ███████║ ██╔██╗ ██║ ███████║
           ██╔═██╗  ██╔══██║    ██║    ██╔══██║ ██║╚██╗██║ ██╔══██║
           ██║  ██╗ ██║  ██║    ██║    ██║  ██║ ██║ ╚████║ ██║  ██║
           ╚═╝  ╚═╝ ╚═╝  ╚═╝/\  ╚═╝    ╚═╝  ╚═╝ ╚═╝  ╚═══╝ ╚═╝  ╚═╝
         /vvvvvvvvvvvvvvvvvvv \=======================================,
         `^^^^^^^^^^^^^^^^^^^ /-------------------------------------"
              Katana Engine \/ © 2012 - Shuriken Studios LLC
                      http://www.shurikenstudios.com
  
  GameplayScreen.cpp
  
  
           ██╗  ██╗  █████╗  ████████╗  █████╗  ███╗   ██╗  █████╗ 
           ██║ ██╔╝ ██╔══██╗ ╚══██╔══╝ ██╔══██╗ ████╗  ██║ ██╔══██╗
           █████╔╝  ███████║    ██║    ███████║ ██╔██╗ ██║ ███████║
           ██╔═██╗  ██╔══██║    ██║    ██╔══██║ ██║╚██╗██║ ██╔══██║
           ██║  ██╗ ██║  ██║    ██║    ██║  ██║ ██║ ╚████║ ██║  ██║
           ╚═╝  ╚═╝ ╚═╝  ╚═╝/\  ╚═╝    ╚═╝  ╚═╝ ╚═╝  ╚═══╝ ╚═╝  ╚═╝
         /vvvvvvvvvvvvvvvvvvv \=======================================,
         `^^^^^^^^^^^^^^^^^^^ /-------------------------------------"
              Katana Engine \/ © 2012 - Shuriken Studios LLC
                      http://www.shurikenstudios.com
  
  GameObject.cpp
  
  
           ██╗  ██╗  █████╗  ████████╗  █████╗  ███╗   ██╗  █████╗ 
           ██║ ██╔╝ ██╔══██╗ ╚══██╔══╝ ██╔══██╗ ████╗  ██║ ██╔══██╗
           █████╔╝  ███████║    ██║    ███████║ ██╔██╗ ██║ ███████║
           ██╔═██╗  ██╔══██║    ██║    ██╔══██║ ██║╚██╗██║ ██╔══██║
           ██║  ██╗ ██║  ██║    ██║    ██║  ██║ ██║ ╚████║ ██║  ██║
           ╚═╝  ╚═╝ ╚═╝  ╚═╝/\  ╚═╝    ╚═╝  ╚═╝ ╚═╝  ╚═══╝ ╚═╝  ╚═╝
         /vvvvvvvvvvvvvvvvvvv \=======================================,
         `^^^^^^^^^^^^^^^^^^^ /-------------------------------------"
              Katana Engine \/ © 2012 - Shuriken Studios LLC
                      http://www.shurikenstudios.com
  
  EnemyShip.cpp
  
  
           ██╗  ██╗  █████╗  ████████╗  █████╗  ███╗   ██╗  █████╗ 
           ██║ ██╔╝ ██╔══██╗ ╚══██╔══╝ ██╔══██╗ ████╗  ██║ ██╔══██╗
           █████╔╝  ███████║    ██║    ███████║ ██╔██╗ ██║ ███████║
           ██╔═██╗  ██╔══██║    ██║    ██╔══██║ ██║╚██╗██║ ██╔══██║
           ██║  ██╗ ██║  ██║    ██║    ██║  ██║ ██║ ╚████║ ██║  ██║
           ╚═╝  ╚═╝ ╚═╝  ╚═╝/\  ╚═╝    ╚═╝  ╚═╝ ╚═╝  ╚═══╝ ╚═╝  ╚═╝
         /vvvvvvvvvvvvvvvvvvv \=======================================,
         `^^^^^^^^^^^^^^^^^^^ /-------------------------------------"
              Katana Engine \/ © 2012 - Shuriken Studios LLC
                      http://www.shurikenstudios.com
  
  CollisionType.cpp
  CollisionManager.cpp
  
  
           ██╗  ██╗  █████╗  ████████╗  █████╗  ███╗   ██╗  █████╗ 
           ██║ ██╔╝ ██╔══██╗ ╚══██╔══╝ ██╔══██╗ ████╗  ██║ ██╔══██╗
           █████╔╝  ███████║    ██║    ███████║ ██╔██╗ ██║ ███████║
           ██╔═██╗  ██╔══██║    ██║    ██╔══██║ ██║╚██╗██║ ██╔══██║
           ██║  ██╗ ██║  ██║    ██║    ██║  ██║ ██║ ╚████║ ██║  ██║
           ╚═╝  ╚═╝ ╚═╝  ╚═╝/\  ╚═╝    ╚═╝  ╚═╝ ╚═╝  ╚═══╝ ╚═╝  ╚═╝
         /vvvvvvvvvvvvvvvvvvv \=======================================,
         `^^^^^^^^^^^^^^^^^^^ /-------------------------------------"
              Katana Engine \/ © 2012 - Shuriken Studios LLC
                      http://www.shurikenstudios.com
  
  BioEnemyShip.cpp
  
  
           ██╗  ██╗  █████╗  ████████╗  █████╗  ███╗   ██╗  █████╗ 
           ██║ ██╔╝ ██╔══██╗ ╚══██╔══╝ ██╔══██╗ ████╗  ██║ ██╔══██╗
           █████╔╝  ███████║    ██║    ███████║ ██╔██╗ ██║ ███████║
           ██╔═██╗  ██╔══██║    ██║    ██╔══██║ ██║╚██╗██║ ██╔══██║
           ██║  ██╗ ██║  ██║    ██║    ██║  ██║ ██║ ╚████║ ██║  ██║
           ╚═╝  ╚═╝ ╚═╝  ╚═╝/\  ╚═╝    ╚═╝  ╚═╝ ╚═╝  ╚═══╝ ╚═╝  ╚═╝
         /vvvvvvvvvvvvvvvvvvv \=======================================,
         `^^^^^^^^^^^^^^^^^^^ /-------------------------------------"
              Katana Engine \/ © 2012 - Shuriken Studios LLC
                      http://www.shurikenstudios.com
  
  Generating Code...
  SpaceFighter.vcxproj -> C:\Users\appel\Desktop\SpaceFighter\x64\Debug\SpaceFighter.exe
  SpaceFighter.vcxproj -> C:\Users\appel\Desktop\SpaceFighter\x64\Debug\SpaceFighter.pdb (Partial PDB)
